0 info it worked if it ends with ok
1 verbose cli [ 'C:\\Program Files\\nodejs\\node.exe',
1 verbose cli   'C:\\Program Files\\nodejs\\node_modules\\npm\\bin\\npm-cli.js',
1 verbose cli   'install' ]
2 info using npm@3.8.9
3 info using node@v6.2.0
4 silly loadCurrentTree Starting
5 silly install loadCurrentTree
6 silly install readLocalPackageData
7 silly install normalizeTree
8 silly loadCurrentTree Finishing
9 silly loadIdealTree Starting
10 silly install loadIdealTree
11 silly cloneCurrentTree Starting
12 silly install cloneCurrentTreeToIdealTree
13 silly cloneCurrentTree Finishing
14 silly loadShrinkwrap Starting
15 silly install loadShrinkwrap
16 silly loadShrinkwrap Finishing
17 silly loadAllDepsIntoIdealTree Starting
18 silly install loadAllDepsIntoIdealTree
19 silly fetchNamedPackageData dotenv
20 silly mapToRegistry name dotenv
21 silly mapToRegistry using default registry
22 silly mapToRegistry registry https://registry.npmjs.org/
23 silly mapToRegistry data Result {
23 silly mapToRegistry   raw: 'dotenv',
23 silly mapToRegistry   scope: null,
23 silly mapToRegistry   name: 'dotenv',
23 silly mapToRegistry   rawSpec: '',
23 silly mapToRegistry   spec: 'latest',
23 silly mapToRegistry   type: 'tag' }
24 silly mapToRegistry uri https://registry.npmjs.org/dotenv
25 silly fetchNamedPackageData serialport
26 silly mapToRegistry name serialport
27 silly mapToRegistry using default registry
28 silly mapToRegistry registry https://registry.npmjs.org/
29 silly mapToRegistry data Result {
29 silly mapToRegistry   raw: 'serialport',
29 silly mapToRegistry   scope: null,
29 silly mapToRegistry   name: 'serialport',
29 silly mapToRegistry   rawSpec: '',
29 silly mapToRegistry   spec: 'latest',
29 silly mapToRegistry   type: 'tag' }
30 silly mapToRegistry uri https://registry.npmjs.org/serialport
31 verbose request uri https://registry.npmjs.org/dotenv
32 verbose request no auth needed
33 info attempt registry request try #1 at 10:15:23 PM
34 verbose request id b513332404d9bb3c
35 verbose etag "2DD0XH92GZ92RSTMSTOHX67F3"
36 http request GET https://registry.npmjs.org/dotenv
37 verbose request uri https://registry.npmjs.org/serialport
38 verbose request no auth needed
39 info attempt registry request try #1 at 10:15:23 PM
40 verbose etag "A6JY27863ISEULB0X1GXCADLN"
41 http request GET https://registry.npmjs.org/serialport
42 http 304 https://registry.npmjs.org/dotenv
43 verbose headers { date: 'Wed, 01 Jun 2016 20:15:31 GMT',
43 verbose headers   via: '1.1 varnish',
43 verbose headers   'cache-control': 'max-age=300',
43 verbose headers   etag: '"2DD0XH92GZ92RSTMSTOHX67F3"',
43 verbose headers   age: '0',
43 verbose headers   connection: 'keep-alive',
43 verbose headers   'x-served-by': 'cache-lhr6334-LHR',
43 verbose headers   'x-cache': 'HIT',
43 verbose headers   'x-cache-hits': '1',
43 verbose headers   'x-timer': 'S1464812131.350322,VS0,VE95',
43 verbose headers   vary: 'Accept-Encoding' }
44 silly get cb [ 304,
44 silly get   { date: 'Wed, 01 Jun 2016 20:15:31 GMT',
44 silly get     via: '1.1 varnish',
44 silly get     'cache-control': 'max-age=300',
44 silly get     etag: '"2DD0XH92GZ92RSTMSTOHX67F3"',
44 silly get     age: '0',
44 silly get     connection: 'keep-alive',
44 silly get     'x-served-by': 'cache-lhr6334-LHR',
44 silly get     'x-cache': 'HIT',
44 silly get     'x-cache-hits': '1',
44 silly get     'x-timer': 'S1464812131.350322,VS0,VE95',
44 silly get     vary: 'Accept-Encoding' } ]
45 verbose etag https://registry.npmjs.org/dotenv from cache
46 verbose get saving dotenv to C:\Users\peter\AppData\Roaming\npm-cache\registry.npmjs.org\dotenv\.cache.json
47 verbose correctMkdir C:\Users\peter\AppData\Roaming\npm-cache correctMkdir not in flight; initializing
48 silly resolveWithNewModule dotenv@2.0.0 checking installable status
49 silly cache add args [ 'dotenv@2.x.x', null ]
50 verbose cache add spec dotenv@2.x.x
51 silly cache add parsed spec Result {
51 silly cache add   raw: 'dotenv@2.x.x',
51 silly cache add   scope: null,
51 silly cache add   name: 'dotenv',
51 silly cache add   rawSpec: '2.x.x',
51 silly cache add   spec: '>=2.0.0 <3.0.0',
51 silly cache add   type: 'range' }
52 silly addNamed dotenv@>=2.0.0 <3.0.0
53 verbose addNamed ">=2.0.0 <3.0.0" is a valid semver range for dotenv
54 silly addNameRange { name: 'dotenv', range: '>=2.0.0 <3.0.0', hasData: false }
55 silly mapToRegistry name dotenv
56 silly mapToRegistry using default registry
57 silly mapToRegistry registry https://registry.npmjs.org/
58 silly mapToRegistry data Result {
58 silly mapToRegistry   raw: 'dotenv',
58 silly mapToRegistry   scope: null,
58 silly mapToRegistry   name: 'dotenv',
58 silly mapToRegistry   rawSpec: '',
58 silly mapToRegistry   spec: 'latest',
58 silly mapToRegistry   type: 'tag' }
59 silly mapToRegistry uri https://registry.npmjs.org/dotenv
60 verbose addNameRange registry:https://registry.npmjs.org/dotenv not in flight; fetching
61 verbose get https://registry.npmjs.org/dotenv not expired, no request
62 silly addNameRange number 2 { name: 'dotenv', range: '>=2.0.0 <3.0.0', hasData: true }
63 silly addNameRange versions [ 'dotenv',
63 silly addNameRange   [ '0.0.1',
63 silly addNameRange     '0.0.2',
63 silly addNameRange     '0.0.3',
63 silly addNameRange     '0.0.4',
63 silly addNameRange     '0.0.5',
63 silly addNameRange     '0.1.0',
63 silly addNameRange     '0.1.1',
63 silly addNameRange     '0.1.2',
63 silly addNameRange     '0.2.0',
63 silly addNameRange     '0.2.1',
63 silly addNameRange     '0.2.2',
63 silly addNameRange     '0.2.3',
63 silly addNameRange     '0.2.4',
63 silly addNameRange     '0.2.5',
63 silly addNameRange     '0.2.6',
63 silly addNameRange     '0.2.7',
63 silly addNameRange     '0.2.8',
63 silly addNameRange     '0.3.0',
63 silly addNameRange     '0.4.0',
63 silly addNameRange     '0.5.0',
63 silly addNameRange     '0.5.1',
63 silly addNameRange     '1.0.0',
63 silly addNameRange     '1.1.0',
63 silly addNameRange     '1.2.0',
63 silly addNameRange     '2.0.0' ] ]
64 silly addNamed dotenv@2.0.0
65 verbose addNamed "2.0.0" is a plain semver version for dotenv
66 silly mapToRegistry name dotenv
67 silly mapToRegistry using default registry
68 silly mapToRegistry registry https://registry.npmjs.org/
69 silly mapToRegistry data Result {
69 silly mapToRegistry   raw: 'dotenv',
69 silly mapToRegistry   scope: null,
69 silly mapToRegistry   name: 'dotenv',
69 silly mapToRegistry   rawSpec: '',
69 silly mapToRegistry   spec: 'latest',
69 silly mapToRegistry   type: 'tag' }
70 silly mapToRegistry uri https://registry.npmjs.org/dotenv
71 verbose addRemoteTarball https://registry.npmjs.org/dotenv/-/dotenv-2.0.0.tgz not in flight; adding
72 verbose addRemoteTarball [ 'https://registry.npmjs.org/dotenv/-/dotenv-2.0.0.tgz',
72 verbose addRemoteTarball   'bd759c357aaa70365e01c96b7b0bec08a6e0d949' ]
73 info retry fetch attempt 1 at 10:15:25 PM
74 info attempt registry request try #1 at 10:15:25 PM
75 http fetch GET https://registry.npmjs.org/dotenv/-/dotenv-2.0.0.tgz
76 http fetch 200 https://registry.npmjs.org/dotenv/-/dotenv-2.0.0.tgz
77 silly fetchAndShaCheck shasum bd759c357aaa70365e01c96b7b0bec08a6e0d949
78 verbose addTmpTarball C:\Users\peter\AppData\Local\Temp\npm-3528-5fe7cf62\registry.npmjs.org\dotenv\-\dotenv-2.0.0.tgz not in flight; adding
79 verbose addTmpTarball already have metadata; skipping unpack for dotenv@2.0.0
80 verbose correctMkdir C:\Users\peter\AppData\Roaming\npm-cache correctMkdir not in flight; initializing
81 silly cache afterAdd dotenv@2.0.0
82 verbose afterAdd C:\Users\peter\AppData\Roaming\npm-cache\dotenv\2.0.0\package\package.json not in flight; writing
83 verbose correctMkdir C:\Users\peter\AppData\Roaming\npm-cache correctMkdir not in flight; initializing
84 verbose afterAdd C:\Users\peter\AppData\Roaming\npm-cache\dotenv\2.0.0\package\package.json written
85 http 304 https://registry.npmjs.org/serialport
86 verbose headers { date: 'Wed, 01 Jun 2016 20:15:31 GMT',
86 verbose headers   via: '1.1 varnish',
86 verbose headers   'cache-control': 'max-age=300',
86 verbose headers   etag: '"A6JY27863ISEULB0X1GXCADLN"',
86 verbose headers   age: '0',
86 verbose headers   connection: 'keep-alive',
86 verbose headers   'x-served-by': 'cache-lhr6328-LHR',
86 verbose headers   'x-cache': 'HIT',
86 verbose headers   'x-cache-hits': '1',
86 verbose headers   'x-timer': 'S1464812131.579716,VS0,VE683',
86 verbose headers   vary: 'Accept-Encoding' }
87 silly get cb [ 304,
87 silly get   { date: 'Wed, 01 Jun 2016 20:15:31 GMT',
87 silly get     via: '1.1 varnish',
87 silly get     'cache-control': 'max-age=300',
87 silly get     etag: '"A6JY27863ISEULB0X1GXCADLN"',
87 silly get     age: '0',
87 silly get     connection: 'keep-alive',
87 silly get     'x-served-by': 'cache-lhr6328-LHR',
87 silly get     'x-cache': 'HIT',
87 silly get     'x-cache-hits': '1',
87 silly get     'x-timer': 'S1464812131.579716,VS0,VE683',
87 silly get     vary: 'Accept-Encoding' } ]
88 verbose etag https://registry.npmjs.org/serialport from cache
89 verbose get saving serialport to C:\Users\peter\AppData\Roaming\npm-cache\registry.npmjs.org\serialport\.cache.json
90 verbose correctMkdir C:\Users\peter\AppData\Roaming\npm-cache correctMkdir not in flight; initializing
91 silly fetchPackageMetaData Error: No compatible version found: serialport@4.0.x
91 silly fetchPackageMetaData Valid install targets:
91 silly fetchPackageMetaData 4.0.0-beta3, 4.0.0-beta2, 4.0.0-beta1, 3.2.0-beta1, 3.1.2, 3.1.2-beta7, 3.1.2-beta6, 3.1.2-beta5, 3.1.2-beta3, 3.1.2-beta2, 3.1.2-beta1, 3.1.1, 3.1.0, 3.0.1, 3.0.0, 2.1.2, 2.1.1, 2.1.0, 2.0.7-beta5, 2.0.7-beta4, 2.0.7-beta3, 2.0.7-beta2, 2.0.7-beta1, 2.0.6, 2.0.5, 2.0.4, 2.0.3, 2.0.2, 2.0.1, 2.0.0, 1.7.4, 1.7.3, 1.7.1, 1.7.0, 1.6.3, 1.6.2, 1.6.1, 1.5.0, 1.4.10, 1.4.9, 1.4.8, 1.4.6, 1.4.5, 1.4.2, 1.4.1, 1.4.0, 1.3.1, 1.3.0, 1.2.5, 1.2.4, 1.2.3, 1.2.2, 1.2.1, 1.2.0, 1.1.3, 1.1.1, 1.1.0, 1.0.8, 1.0.7, 1.0.6, 1.0.5, 1.0.4, 1.0.3, 1.0.2, 1.0.1, 1.0.0, 0.7.5, 0.7.4, 0.7.3, 0.7.2, 0.7.1, 0.7.0, 0.6.7, 0.6.6, 0.6.5, 0.6.3, 0.6.2, 0.6.1, 0.6.0, 0.3.0, 0.2.9, 0.2.8, 0.2.7, 0.2.6, 0.2.5, 0.2.4, 0.2.3, 0.2.2, 0.2.0, 0.1.3, 0.1.1, 0.1.0
91 silly fetchPackageMetaData
91 silly fetchPackageMetaData     at pickVersionFromRegistryDocument (C:\Program Files\nodejs\node_modules\npm\lib\fetch-package-metadata.js:157:16)
91 silly fetchPackageMetaData     at C:\Program Files\nodejs\node_modules\npm\node_modules\iferr\index.js:13:50
91 silly fetchPackageMetaData     at C:\Program Files\nodejs\node_modules\npm\lib\utils\pulse-till-done.js:19:8
91 silly fetchPackageMetaData     at saved (C:\Program Files\nodejs\node_modules\npm\lib\cache\caching-client.js:168:7)
91 silly fetchPackageMetaData     at C:\Program Files\nodejs\node_modules\npm\node_modules\graceful-fs\polyfills.js:210:7
91 silly fetchPackageMetaData     at FSReqWrap.oncomplete (fs.js:117:15)
91 silly fetchPackageMetaData  error for serialport@4.0.x Error: No compatible version found: serialport@4.0.x
91 silly fetchPackageMetaData Valid install targets:
91 silly fetchPackageMetaData 4.0.0-beta3, 4.0.0-beta2, 4.0.0-beta1, 3.2.0-beta1, 3.1.2, 3.1.2-beta7, 3.1.2-beta6, 3.1.2-beta5, 3.1.2-beta3, 3.1.2-beta2, 3.1.2-beta1, 3.1.1, 3.1.0, 3.0.1, 3.0.0, 2.1.2, 2.1.1, 2.1.0, 2.0.7-beta5, 2.0.7-beta4, 2.0.7-beta3, 2.0.7-beta2, 2.0.7-beta1, 2.0.6, 2.0.5, 2.0.4, 2.0.3, 2.0.2, 2.0.1, 2.0.0, 1.7.4, 1.7.3, 1.7.1, 1.7.0, 1.6.3, 1.6.2, 1.6.1, 1.5.0, 1.4.10, 1.4.9, 1.4.8, 1.4.6, 1.4.5, 1.4.2, 1.4.1, 1.4.0, 1.3.1, 1.3.0, 1.2.5, 1.2.4, 1.2.3, 1.2.2, 1.2.1, 1.2.0, 1.1.3, 1.1.1, 1.1.0, 1.0.8, 1.0.7, 1.0.6, 1.0.5, 1.0.4, 1.0.3, 1.0.2, 1.0.1, 1.0.0, 0.7.5, 0.7.4, 0.7.3, 0.7.2, 0.7.1, 0.7.0, 0.6.7, 0.6.6, 0.6.5, 0.6.3, 0.6.2, 0.6.1, 0.6.0, 0.3.0, 0.2.9, 0.2.8, 0.2.7, 0.2.6, 0.2.5, 0.2.4, 0.2.3, 0.2.2, 0.2.0, 0.1.3, 0.1.1, 0.1.0
91 silly fetchPackageMetaData
91 silly fetchPackageMetaData     at pickVersionFromRegistryDocument (C:\Program Files\nodejs\node_modules\npm\lib\fetch-package-metadata.js:157:16)
91 silly fetchPackageMetaData     at C:\Program Files\nodejs\node_modules\npm\node_modules\iferr\index.js:13:50
91 silly fetchPackageMetaData     at C:\Program Files\nodejs\node_modules\npm\lib\utils\pulse-till-done.js:19:8
91 silly fetchPackageMetaData     at saved (C:\Program Files\nodejs\node_modules\npm\lib\cache\caching-client.js:168:7)
91 silly fetchPackageMetaData     at C:\Program Files\nodejs\node_modules\npm\node_modules\graceful-fs\polyfills.js:210:7
91 silly fetchPackageMetaData     at FSReqWrap.oncomplete (fs.js:117:15)
92 silly rollbackFailedOptional Starting
93 silly rollbackFailedOptional Finishing
94 silly runTopLevelLifecycles Starting
95 silly runTopLevelLifecycles Finishing
96 silly install printInstalled
97 verbose stack Error: No compatible version found: serialport@4.0.x
97 verbose stack Valid install targets:
97 verbose stack 4.0.0-beta3, 4.0.0-beta2, 4.0.0-beta1, 3.2.0-beta1, 3.1.2, 3.1.2-beta7, 3.1.2-beta6, 3.1.2-beta5, 3.1.2-beta3, 3.1.2-beta2, 3.1.2-beta1, 3.1.1, 3.1.0, 3.0.1, 3.0.0, 2.1.2, 2.1.1, 2.1.0, 2.0.7-beta5, 2.0.7-beta4, 2.0.7-beta3, 2.0.7-beta2, 2.0.7-beta1, 2.0.6, 2.0.5, 2.0.4, 2.0.3, 2.0.2, 2.0.1, 2.0.0, 1.7.4, 1.7.3, 1.7.1, 1.7.0, 1.6.3, 1.6.2, 1.6.1, 1.5.0, 1.4.10, 1.4.9, 1.4.8, 1.4.6, 1.4.5, 1.4.2, 1.4.1, 1.4.0, 1.3.1, 1.3.0, 1.2.5, 1.2.4, 1.2.3, 1.2.2, 1.2.1, 1.2.0, 1.1.3, 1.1.1, 1.1.0, 1.0.8, 1.0.7, 1.0.6, 1.0.5, 1.0.4, 1.0.3, 1.0.2, 1.0.1, 1.0.0, 0.7.5, 0.7.4, 0.7.3, 0.7.2, 0.7.1, 0.7.0, 0.6.7, 0.6.6, 0.6.5, 0.6.3, 0.6.2, 0.6.1, 0.6.0, 0.3.0, 0.2.9, 0.2.8, 0.2.7, 0.2.6, 0.2.5, 0.2.4, 0.2.3, 0.2.2, 0.2.0, 0.1.3, 0.1.1, 0.1.0
97 verbose stack
97 verbose stack     at pickVersionFromRegistryDocument (C:\Program Files\nodejs\node_modules\npm\lib\fetch-package-metadata.js:157:16)
97 verbose stack     at C:\Program Files\nodejs\node_modules\npm\node_modules\iferr\index.js:13:50
97 verbose stack     at C:\Program Files\nodejs\node_modules\npm\lib\utils\pulse-till-done.js:19:8
97 verbose stack     at saved (C:\Program Files\nodejs\node_modules\npm\lib\cache\caching-client.js:168:7)
97 verbose stack     at C:\Program Files\nodejs\node_modules\npm\node_modules\graceful-fs\polyfills.js:210:7
97 verbose stack     at FSReqWrap.oncomplete (fs.js:117:15)
98 verbose cwd C:\Users\peter\Documents\Github\LaserWeb3
99 error Windows_NT 10.0.10586
100 error argv "C:\\Program Files\\nodejs\\node.exe" "C:\\Program Files\\nodejs\\node_modules\\npm\\bin\\npm-cli.js" "install"
101 error node v6.2.0
102 error npm  v3.8.9
103 error No compatible version found: serialport@4.0.x
103 error Valid install targets:
103 error 4.0.0-beta3, 4.0.0-beta2, 4.0.0-beta1, 3.2.0-beta1, 3.1.2, 3.1.2-beta7, 3.1.2-beta6, 3.1.2-beta5, 3.1.2-beta3, 3.1.2-beta2, 3.1.2-beta1, 3.1.1, 3.1.0, 3.0.1, 3.0.0, 2.1.2, 2.1.1, 2.1.0, 2.0.7-beta5, 2.0.7-beta4, 2.0.7-beta3, 2.0.7-beta2, 2.0.7-beta1, 2.0.6, 2.0.5, 2.0.4, 2.0.3, 2.0.2, 2.0.1, 2.0.0, 1.7.4, 1.7.3, 1.7.1, 1.7.0, 1.6.3, 1.6.2, 1.6.1, 1.5.0, 1.4.10, 1.4.9, 1.4.8, 1.4.6, 1.4.5, 1.4.2, 1.4.1, 1.4.0, 1.3.1, 1.3.0, 1.2.5, 1.2.4, 1.2.3, 1.2.2, 1.2.1, 1.2.0, 1.1.3, 1.1.1, 1.1.0, 1.0.8, 1.0.7, 1.0.6, 1.0.5, 1.0.4, 1.0.3, 1.0.2, 1.0.1, 1.0.0, 0.7.5, 0.7.4, 0.7.3, 0.7.2, 0.7.1, 0.7.0, 0.6.7, 0.6.6, 0.6.5, 0.6.3, 0.6.2, 0.6.1, 0.6.0, 0.3.0, 0.2.9, 0.2.8, 0.2.7, 0.2.6, 0.2.5, 0.2.4, 0.2.3, 0.2.2, 0.2.0, 0.1.3, 0.1.1, 0.1.0
104 error If you need help, you may report this error at:
104 error     <https://github.com/npm/npm/issues>
105 verbose exit [ 1, true ]
